The target system is: Generic -  - 
The host system is: Linux - 4.15.0-42-generic - x86_64
Compiling the C compiler identification source file "CMakeCCompilerId.c" succeeded.
Compiler: /home/xiaohui/workspace/dan/kendryte-toolchain/bin//riscv64-unknown-elf-gcc 
Build flags: ;-mcmodel=medany;-march=rv64imafdc;-fno-common;-ffunction-sections;-fdata-sections;-fstrict-volatile-bitfields;-fno-zero-initialized-in-bss;-O2;-ggdb;-std=gnu11;-Wall;-Werror=all;-Wno-error=unused-function;-Wno-error=unused-but-set-variable;-Wno-error=unused-variable;-Wno-error=deprecated-declarations;-Wno-error=maybe-uninitialized;-Wextra;-Werror=frame-larger-than=65536;-Wno-unused-parameter;-Wno-unused-function;-Wno-implicit-fallthrough;-Wno-sign-compare;-Wno-error=missing-braces;-Wno-old-style-declaration
Id flags:  

The output was:
0


Compilation of the C compiler identification source "CMakeCCompilerId.c" produced "a.out"

The C compiler identification is GNU, found in "/home/xiaohui/workspace/dan/temp/k210-freertos-mpy-makefile/ports/k210-freertos/platform/sdk/build/CMakeFiles/3.10.2/CompilerIdC/a.out"

Compiling the CXX compiler identification source file "CMakeCXXCompilerId.cpp" succeeded.
Compiler: /home/xiaohui/workspace/dan/kendryte-toolchain/bin//riscv64-unknown-elf-g++ 
Build flags: ;-mcmodel=medany;-march=rv64imafdc;-fno-common;-ffunction-sections;-fdata-sections;-fstrict-volatile-bitfields;-fno-zero-initialized-in-bss;-O2;-ggdb;-std=gnu++17;-Wall;-Werror=all;-Wno-error=unused-function;-Wno-error=unused-but-set-variable;-Wno-error=unused-variable;-Wno-error=deprecated-declarations;-Wno-error=maybe-uninitialized;-Wextra;-Werror=frame-larger-than=65536;-Wno-unused-parameter;-Wno-unused-function;-Wno-implicit-fallthrough;-Wno-sign-compare;-Wno-error=missing-braces
Id flags:  

The output was:
0


Compilation of the CXX compiler identification source "CMakeCXXCompilerId.cpp" produced "a.out"

The CXX compiler identification is GNU, found in "/home/xiaohui/workspace/dan/temp/k210-freertos-mpy-makefile/ports/k210-freertos/platform/sdk/build/CMakeFiles/3.10.2/CompilerIdCXX/a.out"

Detecting C compiler ABI info compiled with the following output:
Change Dir: /home/xiaohui/workspace/dan/temp/k210-freertos-mpy-makefile/ports/k210-freertos/platform/sdk/build/CMakeFiles/CMakeTmp

Run Build Command:"/usr/bin/make" "cmTC_9b5f8/fast"
make[4]: Entering directory '/home/xiaohui/workspace/dan/temp/k210-freertos-mpy-makefile/ports/k210-freertos/platform/sdk/build/CMakeFiles/CMakeTmp'
/usr/bin/make -f CMakeFiles/cmTC_9b5f8.dir/build.make CMakeFiles/cmTC_9b5f8.dir/build
make[5]: Entering directory '/home/xiaohui/workspace/dan/temp/k210-freertos-mpy-makefile/ports/k210-freertos/platform/sdk/build/CMakeFiles/CMakeTmp'
Building C object CMakeFiles/cmTC_9b5f8.dir/CMakeCCompilerABI.c.obj
/home/xiaohui/workspace/dan/kendryte-toolchain/bin//riscv64-unknown-elf-gcc   -mcmodel=medany -march=rv64imafdc -fno-common -ffunction-sections -fdata-sections -fstrict-volatile-bitfields -fno-zero-initialized-in-bss -O2 -ggdb -std=gnu11 -Wall -Werror=all -Wno-error=unused-function -Wno-error=unused-but-set-variable -Wno-error=unused-variable -Wno-error=deprecated-declarations -Wno-error=maybe-uninitialized -Wextra -Werror=frame-larger-than=65536 -Wno-unused-parameter -Wno-unused-function -Wno-implicit-fallthrough -Wno-sign-compare -Wno-error=missing-braces -Wno-old-style-declaration    -o CMakeFiles/cmTC_9b5f8.dir/CMakeCCompilerABI.c.obj   -c /usr/share/cmake-3.10/Modules/CMakeCCompilerABI.c
Linking C executable cmTC_9b5f8
/usr/bin/cmake -E cmake_link_script CMakeFiles/cmTC_9b5f8.dir/link.txt --verbose=1
/home/xiaohui/workspace/dan/kendryte-toolchain/bin//riscv64-unknown-elf-gcc  -mcmodel=medany -march=rv64imafdc -fno-common -ffunction-sections -fdata-sections -fstrict-volatile-bitfields -fno-zero-initialized-in-bss -O2 -ggdb -std=gnu11 -Wall -Werror=all -Wno-error=unused-function -Wno-error=unused-but-set-variable -Wno-error=unused-variable -Wno-error=deprecated-declarations -Wno-error=maybe-uninitialized -Wextra -Werror=frame-larger-than=65536 -Wno-unused-parameter -Wno-unused-function -Wno-implicit-fallthrough -Wno-sign-compare -Wno-error=missing-braces -Wno-old-style-declaration    -v CMakeFiles/cmTC_9b5f8.dir/CMakeCCompilerABI.c.obj  -o cmTC_9b5f8 
Using built-in specs.
COLLECT_GCC=/home/xiaohui/workspace/dan/kendryte-toolchain/bin//riscv64-unknown-elf-gcc
COLLECT_LTO_WRAPPER=/home/xiaohui/workspace/dan/kendryte-toolchain/bin/../libexec/gcc/riscv64-unknown-elf/8.2.0/lto-wrapper
Target: riscv64-unknown-elf
Configured with: /mnt/e/Work/Repository/maix-toolchain/riscv-gcc/configure --target=riscv64-unknown-elf --prefix=/opt/kendryte-toolchain --disable-shared --enable-threads=posix --enable-languages=c,c++ --enable-libatomic --with-system-zlib --enable-tls --with-newlib --with-sysroot=/opt/kendryte-toolchain/riscv64-unknown-elf --with-native-system-header-dir=/include --disable-libmudflap --disable-libssp --disable-libquadmath --disable-libgomp --disable-nls --src=.././riscv-gcc --enable-checking=yes --disable-multilib --with-abi=lp64d --with-arch=rv64imafdc 'CFLAGS_FOR_TARGET=-Os -ffunction-sections -fdata-sections  -mcmodel=medany' 'CXXFLAGS_FOR_TARGET=-Os -ffunction-sections -fdata-sections -mcmodel=medany'
Thread model: posix
gcc version 8.2.0 (GCC) 
COMPILER_PATH=/home/xiaohui/workspace/dan/kendryte-toolchain/bin/../libexec/gcc/riscv64-unknown-elf/8.2.0/:/home/xiaohui/workspace/dan/kendryte-toolchain/bin/../libexec/gcc/:/home/xiaohui/workspace/dan/kendryte-toolchain/bin/../lib/gcc/riscv64-unknown-elf/8.2.0/../../../../riscv64-unknown-elf/bin/
LIBRARY_PATH=/home/xiaohui/workspace/dan/kendryte-toolchain/bin/../lib/gcc/riscv64-unknown-elf/8.2.0/:/home/xiaohui/workspace/dan/kendryte-toolchain/bin/../lib/gcc/:/home/xiaohui/workspace/dan/kendryte-toolchain/bin/../lib/gcc/riscv64-unknown-elf/8.2.0/../../../../riscv64-unknown-elf/lib/:/home/xiaohui/workspace/dan/kendryte-toolchain/bin/../riscv64-unknown-elf/lib/
COLLECT_GCC_OPTIONS='-mcmodel=medany' '-march=rv64imafdc' '-fno-common' '-ffunction-sections' '-fdata-sections' '-fstrict-volatile-bitfields' '-fno-zero-initialized-in-bss' '-O2' '-ggdb' '-std=gnu11' '-Wall' '-Werror=all' '-Wno-error=unused-function' '-Wno-error=unused-but-set-variable' '-Wno-error=unused-variable' '-Wno-error=deprecated-declarations' '-Wno-error=maybe-uninitialized' '-Wextra' '-Werror=frame-larger-than=65536' '-Wno-unused-parameter' '-Wno-unused-function' '-Wimplicit-fallthrough=0' '-Wno-sign-compare' '-Wno-error=missing-braces' '-Wno-old-style-declaration' '-v' '-o' 'cmTC_9b5f8' '-mabi=lp64d'
 /home/xiaohui/workspace/dan/kendryte-toolchain/bin/../libexec/gcc/riscv64-unknown-elf/8.2.0/collect2 -plugin /home/xiaohui/workspace/dan/kendryte-toolchain/bin/../libexec/gcc/riscv64-unknown-elf/8.2.0/liblto_plugin.so -plugin-opt=/home/xiaohui/workspace/dan/kendryte-toolchain/bin/../libexec/gcc/riscv64-unknown-elf/8.2.0/lto-wrapper -plugin-opt=-fresolution=/tmp/ccpYaVMl.res -plugin-opt=-pass-through=-lgcc -plugin-opt=-pass-through=-lc -plugin-opt=-pass-through=-lgloss -plugin-opt=-pass-through=-lgcc --sysroot=/home/xiaohui/workspace/dan/kendryte-toolchain/bin/../riscv64-unknown-elf -melf64lriscv -o cmTC_9b5f8 /home/xiaohui/workspace/dan/kendryte-toolchain/bin/../lib/gcc/riscv64-unknown-elf/8.2.0/../../../../riscv64-unknown-elf/lib/crt0.o /home/xiaohui/workspace/dan/kendryte-toolchain/bin/../lib/gcc/riscv64-unknown-elf/8.2.0/crtbegin.o -L/home/xiaohui/workspace/dan/kendryte-toolchain/bin/../lib/gcc/riscv64-unknown-elf/8.2.0 -L/home/xiaohui/workspace/dan/kendryte-toolchain/bin/../lib/gcc -L/home/xiaohui/workspace/dan/kendryte-toolchain/bin/../lib/gcc/riscv64-unknown-elf/8.2.0/../../../../riscv64-unknown-elf/lib -L/home/xiaohui/workspace/dan/kendryte-toolchain/bin/../riscv64-unknown-elf/lib CMakeFiles/cmTC_9b5f8.dir/CMakeCCompilerABI.c.obj -lgcc --start-group -lc -lgloss --end-group -lgcc /home/xiaohui/workspace/dan/kendryte-toolchain/bin/../lib/gcc/riscv64-unknown-elf/8.2.0/crtend.o
COLLECT_GCC_OPTIONS='-mcmodel=medany' '-march=rv64imafdc' '-fno-common' '-ffunction-sections' '-fdata-sections' '-fstrict-volatile-bitfields' '-fno-zero-initialized-in-bss' '-O2' '-ggdb' '-std=gnu11' '-Wall' '-Werror=all' '-Wno-error=unused-function' '-Wno-error=unused-but-set-variable' '-Wno-error=unused-variable' '-Wno-error=deprecated-declarations' '-Wno-error=maybe-uninitialized' '-Wextra' '-Werror=frame-larger-than=65536' '-Wno-unused-parameter' '-Wno-unused-function' '-Wimplicit-fallthrough=0' '-Wno-sign-compare' '-Wno-error=missing-braces' '-Wno-old-style-declaration' '-v' '-o' 'cmTC_9b5f8' '-mabi=lp64d'
make[5]: Leaving directory '/home/xiaohui/workspace/dan/temp/k210-freertos-mpy-makefile/ports/k210-freertos/platform/sdk/build/CMakeFiles/CMakeTmp'
make[4]: Leaving directory '/home/xiaohui/workspace/dan/temp/k210-freertos-mpy-makefile/ports/k210-freertos/platform/sdk/build/CMakeFiles/CMakeTmp'


Parsed C implicit link information from above output:
  link line regex: [^( *|.*[/\])(riscv64-unknown-elf-ld|CMAKE_LINK_STARTFILE-NOTFOUND|([^/\]+-)?ld|collect2)[^/\]*( |$)]
  ignore line: [Change Dir: /home/xiaohui/workspace/dan/temp/k210-freertos-mpy-makefile/ports/k210-freertos/platform/sdk/build/CMakeFiles/CMakeTmp]
  ignore line: []
  ignore line: [Run Build Command:"/usr/bin/make" "cmTC_9b5f8/fast"]
  ignore line: [make[4]: Entering directory '/home/xiaohui/workspace/dan/temp/k210-freertos-mpy-makefile/ports/k210-freertos/platform/sdk/build/CMakeFiles/CMakeTmp']
  ignore line: [/usr/bin/make -f CMakeFiles/cmTC_9b5f8.dir/build.make CMakeFiles/cmTC_9b5f8.dir/build]
  ignore line: [make[5]: Entering directory '/home/xiaohui/workspace/dan/temp/k210-freertos-mpy-makefile/ports/k210-freertos/platform/sdk/build/CMakeFiles/CMakeTmp']
  ignore line: [Building C object CMakeFiles/cmTC_9b5f8.dir/CMakeCCompilerABI.c.obj]
  ignore line: [/home/xiaohui/workspace/dan/kendryte-toolchain/bin//riscv64-unknown-elf-gcc   -mcmodel=medany -march=rv64imafdc -fno-common -ffunction-sections -fdata-sections -fstrict-volatile-bitfields -fno-zero-initialized-in-bss -O2 -ggdb -std=gnu11 -Wall -Werror=all -Wno-error=unused-function -Wno-error=unused-but-set-variable -Wno-error=unused-variable -Wno-error=deprecated-declarations -Wno-error=maybe-uninitialized -Wextra -Werror=frame-larger-than=65536 -Wno-unused-parameter -Wno-unused-function -Wno-implicit-fallthrough -Wno-sign-compare -Wno-error=missing-braces -Wno-old-style-declaration    -o CMakeFiles/cmTC_9b5f8.dir/CMakeCCompilerABI.c.obj   -c /usr/share/cmake-3.10/Modules/CMakeCCompilerABI.c]
  ignore line: [Linking C executable cmTC_9b5f8]
  ignore line: [/usr/bin/cmake -E cmake_link_script CMakeFiles/cmTC_9b5f8.dir/link.txt --verbose=1]
  ignore line: [/home/xiaohui/workspace/dan/kendryte-toolchain/bin//riscv64-unknown-elf-gcc  -mcmodel=medany -march=rv64imafdc -fno-common -ffunction-sections -fdata-sections -fstrict-volatile-bitfields -fno-zero-initialized-in-bss -O2 -ggdb -std=gnu11 -Wall -Werror=all -Wno-error=unused-function -Wno-error=unused-but-set-variable -Wno-error=unused-variable -Wno-error=deprecated-declarations -Wno-error=maybe-uninitialized -Wextra -Werror=frame-larger-than=65536 -Wno-unused-parameter -Wno-unused-function -Wno-implicit-fallthrough -Wno-sign-compare -Wno-error=missing-braces -Wno-old-style-declaration    -v CMakeFiles/cmTC_9b5f8.dir/CMakeCCompilerABI.c.obj  -o cmTC_9b5f8 ]
  ignore line: [Using built-in specs.]
  ignore line: [COLLECT_GCC=/home/xiaohui/workspace/dan/kendryte-toolchain/bin//riscv64-unknown-elf-gcc]
  ignore line: [COLLECT_LTO_WRAPPER=/home/xiaohui/workspace/dan/kendryte-toolchain/bin/../libexec/gcc/riscv64-unknown-elf/8.2.0/lto-wrapper]
  ignore line: [Target: riscv64-unknown-elf]
  ignore line: [Configured with: /mnt/e/Work/Repository/maix-toolchain/riscv-gcc/configure --target=riscv64-unknown-elf --prefix=/opt/kendryte-toolchain --disable-shared --enable-threads=posix --enable-languages=c,c++ --enable-libatomic --with-system-zlib --enable-tls --with-newlib --with-sysroot=/opt/kendryte-toolchain/riscv64-unknown-elf --with-native-system-header-dir=/include --disable-libmudflap --disable-libssp --disable-libquadmath --disable-libgomp --disable-nls --src=.././riscv-gcc --enable-checking=yes --disable-multilib --with-abi=lp64d --with-arch=rv64imafdc 'CFLAGS_FOR_TARGET=-Os -ffunction-sections -fdata-sections  -mcmodel=medany' 'CXXFLAGS_FOR_TARGET=-Os -ffunction-sections -fdata-sections -mcmodel=medany']
  ignore line: [Thread model: posix]
  ignore line: [gcc version 8.2.0 (GCC) ]
  ignore line: [COMPILER_PATH=/home/xiaohui/workspace/dan/kendryte-toolchain/bin/../libexec/gcc/riscv64-unknown-elf/8.2.0/:/home/xiaohui/workspace/dan/kendryte-toolchain/bin/../libexec/gcc/:/home/xiaohui/workspace/dan/kendryte-toolchain/bin/../lib/gcc/riscv64-unknown-elf/8.2.0/../../../../riscv64-unknown-elf/bin/]
  ignore line: [LIBRARY_PATH=/home/xiaohui/workspace/dan/kendryte-toolchain/bin/../lib/gcc/riscv64-unknown-elf/8.2.0/:/home/xiaohui/workspace/dan/kendryte-toolchain/bin/../lib/gcc/:/home/xiaohui/workspace/dan/kendryte-toolchain/bin/../lib/gcc/riscv64-unknown-elf/8.2.0/../../../../riscv64-unknown-elf/lib/:/home/xiaohui/workspace/dan/kendryte-toolchain/bin/../riscv64-unknown-elf/lib/]
  ignore line: [COLLECT_GCC_OPTIONS='-mcmodel=medany' '-march=rv64imafdc' '-fno-common' '-ffunction-sections' '-fdata-sections' '-fstrict-volatile-bitfields' '-fno-zero-initialized-in-bss' '-O2' '-ggdb' '-std=gnu11' '-Wall' '-Werror=all' '-Wno-error=unused-function' '-Wno-error=unused-but-set-variable' '-Wno-error=unused-variable' '-Wno-error=deprecated-declarations' '-Wno-error=maybe-uninitialized' '-Wextra' '-Werror=frame-larger-than=65536' '-Wno-unused-parameter' '-Wno-unused-function' '-Wimplicit-fallthrough=0' '-Wno-sign-compare' '-Wno-error=missing-braces' '-Wno-old-style-declaration' '-v' '-o' 'cmTC_9b5f8' '-mabi=lp64d']
  link line: [ /home/xiaohui/workspace/dan/kendryte-toolchain/bin/../libexec/gcc/riscv64-unknown-elf/8.2.0/collect2 -plugin /home/xiaohui/workspace/dan/kendryte-toolchain/bin/../libexec/gcc/riscv64-unknown-elf/8.2.0/liblto_plugin.so -plugin-opt=/home/xiaohui/workspace/dan/kendryte-toolchain/bin/../libexec/gcc/riscv64-unknown-elf/8.2.0/lto-wrapper -plugin-opt=-fresolution=/tmp/ccpYaVMl.res -plugin-opt=-pass-through=-lgcc -plugin-opt=-pass-through=-lc -plugin-opt=-pass-through=-lgloss -plugin-opt=-pass-through=-lgcc --sysroot=/home/xiaohui/workspace/dan/kendryte-toolchain/bin/../riscv64-unknown-elf -melf64lriscv -o cmTC_9b5f8 /home/xiaohui/workspace/dan/kendryte-toolchain/bin/../lib/gcc/riscv64-unknown-elf/8.2.0/../../../../riscv64-unknown-elf/lib/crt0.o /home/xiaohui/workspace/dan/kendryte-toolchain/bin/../lib/gcc/riscv64-unknown-elf/8.2.0/crtbegin.o -L/home/xiaohui/workspace/dan/kendryte-toolchain/bin/../lib/gcc/riscv64-unknown-elf/8.2.0 -L/home/xiaohui/workspace/dan/kendryte-toolchain/bin/../lib/gcc -L/home/xiaohui/workspace/dan/kendryte-toolchain/bin/../lib/gcc/riscv64-unknown-elf/8.2.0/../../../../riscv64-unknown-elf/lib -L/home/xiaohui/workspace/dan/kendryte-toolchain/bin/../riscv64-unknown-elf/lib CMakeFiles/cmTC_9b5f8.dir/CMakeCCompilerABI.c.obj -lgcc --start-group -lc -lgloss --end-group -lgcc /home/xiaohui/workspace/dan/kendryte-toolchain/bin/../lib/gcc/riscv64-unknown-elf/8.2.0/crtend.o]
    arg [/home/xiaohui/workspace/dan/kendryte-toolchain/bin/../libexec/gcc/riscv64-unknown-elf/8.2.0/collect2] ==> ignore
    arg [-plugin] ==> ignore
    arg [/home/xiaohui/workspace/dan/kendryte-toolchain/bin/../libexec/gcc/riscv64-unknown-elf/8.2.0/liblto_plugin.so] ==> ignore
    arg [-plugin-opt=/home/xiaohui/workspace/dan/kendryte-toolchain/bin/../libexec/gcc/riscv64-unknown-elf/8.2.0/lto-wrapper] ==> ignore
    arg [-plugin-opt=-fresolution=/tmp/ccpYaVMl.res] ==> ignore
    arg [-plugin-opt=-pass-through=-lgcc] ==> ignore
    arg [-plugin-opt=-pass-through=-lc] ==> ignore
    arg [-plugin-opt=-pass-through=-lgloss] ==> ignore
    arg [-plugin-opt=-pass-through=-lgcc] ==> ignore
    arg [--sysroot=/home/xiaohui/workspace/dan/kendryte-toolchain/bin/../riscv64-unknown-elf] ==> ignore
    arg [-melf64lriscv] ==> ignore
    arg [-o] ==> ignore
    arg [cmTC_9b5f8] ==> ignore
    arg [/home/xiaohui/workspace/dan/kendryte-toolchain/bin/../lib/gcc/riscv64-unknown-elf/8.2.0/../../../../riscv64-unknown-elf/lib/crt0.o] ==> ignore
    arg [/home/xiaohui/workspace/dan/kendryte-toolchain/bin/../lib/gcc/riscv64-unknown-elf/8.2.0/crtbegin.o] ==> ignore
    arg [-L/home/xiaohui/workspace/dan/kendryte-toolchain/bin/../lib/gcc/riscv64-unknown-elf/8.2.0] ==> dir [/home/xiaohui/workspace/dan/kendryte-toolchain/bin/../lib/gcc/riscv64-unknown-elf/8.2.0]
    arg [-L/home/xiaohui/workspace/dan/kendryte-toolchain/bin/../lib/gcc] ==> dir [/home/xiaohui/workspace/dan/kendryte-toolchain/bin/../lib/gcc]
    arg [-L/home/xiaohui/workspace/dan/kendryte-toolchain/bin/../lib/gcc/riscv64-unknown-elf/8.2.0/../../../../riscv64-unknown-elf/lib] ==> dir [/home/xiaohui/workspace/dan/kendryte-toolchain/bin/../lib/gcc/riscv64-unknown-elf/8.2.0/../../../../riscv64-unknown-elf/lib]
    arg [-L/home/xiaohui/workspace/dan/kendryte-toolchain/bin/../riscv64-unknown-elf/lib] ==> dir [/home/xiaohui/workspace/dan/kendryte-toolchain/bin/../riscv64-unknown-elf/lib]
    arg [CMakeFiles/cmTC_9b5f8.dir/CMakeCCompilerABI.c.obj] ==> ignore
    arg [-lgcc] ==> lib [gcc]
    arg [--start-group] ==> ignore
    arg [-lc] ==> lib [c]
    arg [-lgloss] ==> lib [gloss]
    arg [--end-group] ==> ignore
    arg [-lgcc] ==> lib [gcc]
    arg [/home/xiaohui/workspace/dan/kendryte-toolchain/bin/../lib/gcc/riscv64-unknown-elf/8.2.0/crtend.o] ==> ignore
  collapse library dir [/home/xiaohui/workspace/dan/kendryte-toolchain/bin/../lib/gcc/riscv64-unknown-elf/8.2.0] ==> [/home/xiaohui/workspace/dan/kendryte-toolchain/lib/gcc/riscv64-unknown-elf/8.2.0]
  collapse library dir [/home/xiaohui/workspace/dan/kendryte-toolchain/bin/../lib/gcc] ==> [/home/xiaohui/workspace/dan/kendryte-toolchain/lib/gcc]
  collapse library dir [/home/xiaohui/workspace/dan/kendryte-toolchain/bin/../lib/gcc/riscv64-unknown-elf/8.2.0/../../../../riscv64-unknown-elf/lib] ==> [/home/xiaohui/workspace/dan/kendryte-toolchain/riscv64-unknown-elf/lib]
  collapse library dir [/home/xiaohui/workspace/dan/kendryte-toolchain/bin/../riscv64-unknown-elf/lib] ==> [/home/xiaohui/workspace/dan/kendryte-toolchain/riscv64-unknown-elf/lib]
  implicit libs: [gcc;c;gloss;gcc]
  implicit dirs: [/home/xiaohui/workspace/dan/kendryte-toolchain/lib/gcc/riscv64-unknown-elf/8.2.0;/home/xiaohui/workspace/dan/kendryte-toolchain/lib/gcc;/home/xiaohui/workspace/dan/kendryte-toolchain/riscv64-unknown-elf/lib]
  implicit fwks: []




Detecting C [-std=c11] compiler features compiled with the following output:
Change Dir: /home/xiaohui/workspace/dan/temp/k210-freertos-mpy-makefile/ports/k210-freertos/platform/sdk/build/CMakeFiles/CMakeTmp

Run Build Command:"/usr/bin/make" "cmTC_4b64d/fast"
make[4]: Entering directory '/home/xiaohui/workspace/dan/temp/k210-freertos-mpy-makefile/ports/k210-freertos/platform/sdk/build/CMakeFiles/CMakeTmp'
/usr/bin/make -f CMakeFiles/cmTC_4b64d.dir/build.make CMakeFiles/cmTC_4b64d.dir/build
make[5]: Entering directory '/home/xiaohui/workspace/dan/temp/k210-freertos-mpy-makefile/ports/k210-freertos/platform/sdk/build/CMakeFiles/CMakeTmp'
Building C object CMakeFiles/cmTC_4b64d.dir/feature_tests.c.obj
/home/xiaohui/workspace/dan/kendryte-toolchain/bin//riscv64-unknown-elf-gcc   -mcmodel=medany -march=rv64imafdc -fno-common -ffunction-sections -fdata-sections -fstrict-volatile-bitfields -fno-zero-initialized-in-bss -O2 -ggdb -std=gnu11 -Wall -Werror=all -Wno-error=unused-function -Wno-error=unused-but-set-variable -Wno-error=unused-variable -Wno-error=deprecated-declarations -Wno-error=maybe-uninitialized -Wextra -Werror=frame-larger-than=65536 -Wno-unused-parameter -Wno-unused-function -Wno-implicit-fallthrough -Wno-sign-compare -Wno-error=missing-braces -Wno-old-style-declaration    -std=c11 -o CMakeFiles/cmTC_4b64d.dir/feature_tests.c.obj   -c /home/xiaohui/workspace/dan/temp/k210-freertos-mpy-makefile/ports/k210-freertos/platform/sdk/build/CMakeFiles/feature_tests.c
Linking C executable cmTC_4b64d
/usr/bin/cmake -E cmake_link_script CMakeFiles/cmTC_4b64d.dir/link.txt --verbose=1
/home/xiaohui/workspace/dan/kendryte-toolchain/bin//riscv64-unknown-elf-gcc  -mcmodel=medany -march=rv64imafdc -fno-common -ffunction-sections -fdata-sections -fstrict-volatile-bitfields -fno-zero-initialized-in-bss -O2 -ggdb -std=gnu11 -Wall -Werror=all -Wno-error=unused-function -Wno-error=unused-but-set-variable -Wno-error=unused-variable -Wno-error=deprecated-declarations -Wno-error=maybe-uninitialized -Wextra -Werror=frame-larger-than=65536 -Wno-unused-parameter -Wno-unused-function -Wno-implicit-fallthrough -Wno-sign-compare -Wno-error=missing-braces -Wno-old-style-declaration     CMakeFiles/cmTC_4b64d.dir/feature_tests.c.obj  -o cmTC_4b64d 
make[5]: Leaving directory '/home/xiaohui/workspace/dan/temp/k210-freertos-mpy-makefile/ports/k210-freertos/platform/sdk/build/CMakeFiles/CMakeTmp'
make[4]: Leaving directory '/home/xiaohui/workspace/dan/temp/k210-freertos-mpy-makefile/ports/k210-freertos/platform/sdk/build/CMakeFiles/CMakeTmp'


    Feature record: C_FEATURE:1c_function_prototypes
    Feature record: C_FEATURE:1c_restrict
    Feature record: C_FEATURE:1c_static_assert
    Feature record: C_FEATURE:1c_variadic_macros


Detecting C [-std=c99] compiler features compiled with the following output:
Change Dir: /home/xiaohui/workspace/dan/temp/k210-freertos-mpy-makefile/ports/k210-freertos/platform/sdk/build/CMakeFiles/CMakeTmp

Run Build Command:"/usr/bin/make" "cmTC_7047d/fast"
make[4]: Entering directory '/home/xiaohui/workspace/dan/temp/k210-freertos-mpy-makefile/ports/k210-freertos/platform/sdk/build/CMakeFiles/CMakeTmp'
/usr/bin/make -f CMakeFiles/cmTC_7047d.dir/build.make CMakeFiles/cmTC_7047d.dir/build
make[5]: Entering directory '/home/xiaohui/workspace/dan/temp/k210-freertos-mpy-makefile/ports/k210-freertos/platform/sdk/build/CMakeFiles/CMakeTmp'
Building C object CMakeFiles/cmTC_7047d.dir/feature_tests.c.obj
/home/xiaohui/workspace/dan/kendryte-toolchain/bin//riscv64-unknown-elf-gcc   -mcmodel=medany -march=rv64imafdc -fno-common -ffunction-sections -fdata-sections -fstrict-volatile-bitfields -fno-zero-initialized-in-bss -O2 -ggdb -std=gnu11 -Wall -Werror=all -Wno-error=unused-function -Wno-error=unused-but-set-variable -Wno-error=unused-variable -Wno-error=deprecated-declarations -Wno-error=maybe-uninitialized -Wextra -Werror=frame-larger-than=65536 -Wno-unused-parameter -Wno-unused-function -Wno-implicit-fallthrough -Wno-sign-compare -Wno-error=missing-braces -Wno-old-style-declaration    -std=c99 -o CMakeFiles/cmTC_7047d.dir/feature_tests.c.obj   -c /home/xiaohui/workspace/dan/temp/k210-freertos-mpy-makefile/ports/k210-freertos/platform/sdk/build/CMakeFiles/feature_tests.c
Linking C executable cmTC_7047d
/usr/bin/cmake -E cmake_link_script CMakeFiles/cmTC_7047d.dir/link.txt --verbose=1
/home/xiaohui/workspace/dan/kendryte-toolchain/bin//riscv64-unknown-elf-gcc  -mcmodel=medany -march=rv64imafdc -fno-common -ffunction-sections -fdata-sections -fstrict-volatile-bitfields -fno-zero-initialized-in-bss -O2 -ggdb -std=gnu11 -Wall -Werror=all -Wno-error=unused-function -Wno-error=unused-but-set-variable -Wno-error=unused-variable -Wno-error=deprecated-declarations -Wno-error=maybe-uninitialized -Wextra -Werror=frame-larger-than=65536 -Wno-unused-parameter -Wno-unused-function -Wno-implicit-fallthrough -Wno-sign-compare -Wno-error=missing-braces -Wno-old-style-declaration     CMakeFiles/cmTC_7047d.dir/feature_tests.c.obj  -o cmTC_7047d 
make[5]: Leaving directory '/home/xiaohui/workspace/dan/temp/k210-freertos-mpy-makefile/ports/k210-freertos/platform/sdk/build/CMakeFiles/CMakeTmp'
make[4]: Leaving directory '/home/xiaohui/workspace/dan/temp/k210-freertos-mpy-makefile/ports/k210-freertos/platform/sdk/build/CMakeFiles/CMakeTmp'


    Feature record: C_FEATURE:1c_function_prototypes
    Feature record: C_FEATURE:1c_restrict
    Feature record: C_FEATURE:0c_static_assert
    Feature record: C_FEATURE:1c_variadic_macros


Detecting C [-std=c90] compiler features compiled with the following output:
Change Dir: /home/xiaohui/workspace/dan/temp/k210-freertos-mpy-makefile/ports/k210-freertos/platform/sdk/build/CMakeFiles/CMakeTmp

Run Build Command:"/usr/bin/make" "cmTC_3186c/fast"
make[4]: Entering directory '/home/xiaohui/workspace/dan/temp/k210-freertos-mpy-makefile/ports/k210-freertos/platform/sdk/build/CMakeFiles/CMakeTmp'
/usr/bin/make -f CMakeFiles/cmTC_3186c.dir/build.make CMakeFiles/cmTC_3186c.dir/build
make[5]: Entering directory '/home/xiaohui/workspace/dan/temp/k210-freertos-mpy-makefile/ports/k210-freertos/platform/sdk/build/CMakeFiles/CMakeTmp'
Building C object CMakeFiles/cmTC_3186c.dir/feature_tests.c.obj
/home/xiaohui/workspace/dan/kendryte-toolchain/bin//riscv64-unknown-elf-gcc   -mcmodel=medany -march=rv64imafdc -fno-common -ffunction-sections -fdata-sections -fstrict-volatile-bitfields -fno-zero-initialized-in-bss -O2 -ggdb -std=gnu11 -Wall -Werror=all -Wno-error=unused-function -Wno-error=unused-but-set-variable -Wno-error=unused-variable -Wno-error=deprecated-declarations -Wno-error=maybe-uninitialized -Wextra -Werror=frame-larger-than=65536 -Wno-unused-parameter -Wno-unused-function -Wno-implicit-fallthrough -Wno-sign-compare -Wno-error=missing-braces -Wno-old-style-declaration    -std=c90 -o CMakeFiles/cmTC_3186c.dir/feature_tests.c.obj   -c /home/xiaohui/workspace/dan/temp/k210-freertos-mpy-makefile/ports/k210-freertos/platform/sdk/build/CMakeFiles/feature_tests.c
Linking C executable cmTC_3186c
/usr/bin/cmake -E cmake_link_script CMakeFiles/cmTC_3186c.dir/link.txt --verbose=1
/home/xiaohui/workspace/dan/kendryte-toolchain/bin//riscv64-unknown-elf-gcc  -mcmodel=medany -march=rv64imafdc -fno-common -ffunction-sections -fdata-sections -fstrict-volatile-bitfields -fno-zero-initialized-in-bss -O2 -ggdb -std=gnu11 -Wall -Werror=all -Wno-error=unused-function -Wno-error=unused-but-set-variable -Wno-error=unused-variable -Wno-error=deprecated-declarations -Wno-error=maybe-uninitialized -Wextra -Werror=frame-larger-than=65536 -Wno-unused-parameter -Wno-unused-function -Wno-implicit-fallthrough -Wno-sign-compare -Wno-error=missing-braces -Wno-old-style-declaration     CMakeFiles/cmTC_3186c.dir/feature_tests.c.obj  -o cmTC_3186c 
make[5]: Leaving directory '/home/xiaohui/workspace/dan/temp/k210-freertos-mpy-makefile/ports/k210-freertos/platform/sdk/build/CMakeFiles/CMakeTmp'
make[4]: Leaving directory '/home/xiaohui/workspace/dan/temp/k210-freertos-mpy-makefile/ports/k210-freertos/platform/sdk/build/CMakeFiles/CMakeTmp'


    Feature record: C_FEATURE:1c_function_prototypes
    Feature record: C_FEATURE:0c_restrict
    Feature record: C_FEATURE:0c_static_assert
    Feature record: C_FEATURE:0c_variadic_macros
Detecting CXX compiler ABI info compiled with the following output:
Change Dir: /home/xiaohui/workspace/dan/temp/k210-freertos-mpy-makefile/ports/k210-freertos/platform/sdk/build/CMakeFiles/CMakeTmp

Run Build Command:"/usr/bin/make" "cmTC_fb7a9/fast"
make[4]: Entering directory '/home/xiaohui/workspace/dan/temp/k210-freertos-mpy-makefile/ports/k210-freertos/platform/sdk/build/CMakeFiles/CMakeTmp'
/usr/bin/make -f CMakeFiles/cmTC_fb7a9.dir/build.make CMakeFiles/cmTC_fb7a9.dir/build
make[5]: Entering directory '/home/xiaohui/workspace/dan/temp/k210-freertos-mpy-makefile/ports/k210-freertos/platform/sdk/build/CMakeFiles/CMakeTmp'
Building CXX object CMakeFiles/cmTC_fb7a9.dir/CMakeCXXCompilerABI.cpp.obj
/home/xiaohui/workspace/dan/kendryte-toolchain/bin//riscv64-unknown-elf-g++    -mcmodel=medany -march=rv64imafdc -fno-common -ffunction-sections -fdata-sections -fstrict-volatile-bitfields -fno-zero-initialized-in-bss -O2 -ggdb -std=gnu++17 -Wall -Werror=all -Wno-error=unused-function -Wno-error=unused-but-set-variable -Wno-error=unused-variable -Wno-error=deprecated-declarations -Wno-error=maybe-uninitialized -Wextra -Werror=frame-larger-than=65536 -Wno-unused-parameter -Wno-unused-function -Wno-implicit-fallthrough -Wno-sign-compare -Wno-error=missing-braces    -o CMakeFiles/cmTC_fb7a9.dir/CMakeCXXCompilerABI.cpp.obj -c /usr/share/cmake-3.10/Modules/CMakeCXXCompilerABI.cpp
Linking CXX executable cmTC_fb7a9
/usr/bin/cmake -E cmake_link_script CMakeFiles/cmTC_fb7a9.dir/link.txt --verbose=1
/home/xiaohui/workspace/dan/kendryte-toolchain/bin//riscv64-unknown-elf-g++   -mcmodel=medany -march=rv64imafdc -fno-common -ffunction-sections -fdata-sections -fstrict-volatile-bitfields -fno-zero-initialized-in-bss -O2 -ggdb -std=gnu++17 -Wall -Werror=all -Wno-error=unused-function -Wno-error=unused-but-set-variable -Wno-error=unused-variable -Wno-error=deprecated-declarations -Wno-error=maybe-uninitialized -Wextra -Werror=frame-larger-than=65536 -Wno-unused-parameter -Wno-unused-function -Wno-implicit-fallthrough -Wno-sign-compare -Wno-error=missing-braces    -v CMakeFiles/cmTC_fb7a9.dir/CMakeCXXCompilerABI.cpp.obj  -o cmTC_fb7a9 
Using built-in specs.
COLLECT_GCC=/home/xiaohui/workspace/dan/kendryte-toolchain/bin//riscv64-unknown-elf-g++
COLLECT_LTO_WRAPPER=/home/xiaohui/workspace/dan/kendryte-toolchain/bin/../libexec/gcc/riscv64-unknown-elf/8.2.0/lto-wrapper
Target: riscv64-unknown-elf
Configured with: /mnt/e/Work/Repository/maix-toolchain/riscv-gcc/configure --target=riscv64-unknown-elf --prefix=/opt/kendryte-toolchain --disable-shared --enable-threads=posix --enable-languages=c,c++ --enable-libatomic --with-system-zlib --enable-tls --with-newlib --with-sysroot=/opt/kendryte-toolchain/riscv64-unknown-elf --with-native-system-header-dir=/include --disable-libmudflap --disable-libssp --disable-libquadmath --disable-libgomp --disable-nls --src=.././riscv-gcc --enable-checking=yes --disable-multilib --with-abi=lp64d --with-arch=rv64imafdc 'CFLAGS_FOR_TARGET=-Os -ffunction-sections -fdata-sections  -mcmodel=medany' 'CXXFLAGS_FOR_TARGET=-Os -ffunction-sections -fdata-sections -mcmodel=medany'
Thread model: posix
gcc version 8.2.0 (GCC) 
COMPILER_PATH=/home/xiaohui/workspace/dan/kendryte-toolchain/bin/../libexec/gcc/riscv64-unknown-elf/8.2.0/:/home/xiaohui/workspace/dan/kendryte-toolchain/bin/../libexec/gcc/:/home/xiaohui/workspace/dan/kendryte-toolchain/bin/../lib/gcc/riscv64-unknown-elf/8.2.0/../../../../riscv64-unknown-elf/bin/
LIBRARY_PATH=/home/xiaohui/workspace/dan/kendryte-toolchain/bin/../lib/gcc/riscv64-unknown-elf/8.2.0/:/home/xiaohui/workspace/dan/kendryte-toolchain/bin/../lib/gcc/:/home/xiaohui/workspace/dan/kendryte-toolchain/bin/../lib/gcc/riscv64-unknown-elf/8.2.0/../../../../riscv64-unknown-elf/lib/:/home/xiaohui/workspace/dan/kendryte-toolchain/bin/../riscv64-unknown-elf/lib/
COLLECT_GCC_OPTIONS='-mcmodel=medany' '-march=rv64imafdc' '-fno-common' '-ffunction-sections' '-fdata-sections' '-fstrict-volatile-bitfields' '-fno-zero-initialized-in-bss' '-O2' '-ggdb' '-std=gnu++17' '-Wall' '-Werror=all' '-Wno-error=unused-function' '-Wno-error=unused-but-set-variable' '-Wno-error=unused-variable' '-Wno-error=deprecated-declarations' '-Wno-error=maybe-uninitialized' '-Wextra' '-Werror=frame-larger-than=65536' '-Wno-unused-parameter' '-Wno-unused-function' '-Wimplicit-fallthrough=0' '-Wno-sign-compare' '-Wno-error=missing-braces' '-v' '-o' 'cmTC_fb7a9' '-mabi=lp64d'
 /home/xiaohui/workspace/dan/kendryte-toolchain/bin/../libexec/gcc/riscv64-unknown-elf/8.2.0/collect2 -plugin /home/xiaohui/workspace/dan/kendryte-toolchain/bin/../libexec/gcc/riscv64-unknown-elf/8.2.0/liblto_plugin.so -plugin-opt=/home/xiaohui/workspace/dan/kendryte-toolchain/bin/../libexec/gcc/riscv64-unknown-elf/8.2.0/lto-wrapper -plugin-opt=-fresolution=/tmp/cchJdP6E.res -plugin-opt=-pass-through=-lgcc -plugin-opt=-pass-through=-lc -plugin-opt=-pass-through=-lgloss -plugin-opt=-pass-through=-lgcc --sysroot=/home/xiaohui/workspace/dan/kendryte-toolchain/bin/../riscv64-unknown-elf -melf64lriscv -o cmTC_fb7a9 /home/xiaohui/workspace/dan/kendryte-toolchain/bin/../lib/gcc/riscv64-unknown-elf/8.2.0/../../../../riscv64-unknown-elf/lib/crt0.o /home/xiaohui/workspace/dan/kendryte-toolchain/bin/../lib/gcc/riscv64-unknown-elf/8.2.0/crtbegin.o -L/home/xiaohui/workspace/dan/kendryte-toolchain/bin/../lib/gcc/riscv64-unknown-elf/8.2.0 -L/home/xiaohui/workspace/dan/kendryte-toolchain/bin/../lib/gcc -L/home/xiaohui/workspace/dan/kendryte-toolchain/bin/../lib/gcc/riscv64-unknown-elf/8.2.0/../../../../riscv64-unknown-elf/lib -L/home/xiaohui/workspace/dan/kendryte-toolchain/bin/../riscv64-unknown-elf/lib CMakeFiles/cmTC_fb7a9.dir/CMakeCXXCompilerABI.cpp.obj -lstdc++ -lm -lgcc --start-group -lc -lgloss --end-group -lgcc /home/xiaohui/workspace/dan/kendryte-toolchain/bin/../lib/gcc/riscv64-unknown-elf/8.2.0/crtend.o
COLLECT_GCC_OPTIONS='-mcmodel=medany' '-march=rv64imafdc' '-fno-common' '-ffunction-sections' '-fdata-sections' '-fstrict-volatile-bitfields' '-fno-zero-initialized-in-bss' '-O2' '-ggdb' '-std=gnu++17' '-Wall' '-Werror=all' '-Wno-error=unused-function' '-Wno-error=unused-but-set-variable' '-Wno-error=unused-variable' '-Wno-error=deprecated-declarations' '-Wno-error=maybe-uninitialized' '-Wextra' '-Werror=frame-larger-than=65536' '-Wno-unused-parameter' '-Wno-unused-function' '-Wimplicit-fallthrough=0' '-Wno-sign-compare' '-Wno-error=missing-braces' '-v' '-o' 'cmTC_fb7a9' '-mabi=lp64d'
make[5]: Leaving directory '/home/xiaohui/workspace/dan/temp/k210-freertos-mpy-makefile/ports/k210-freertos/platform/sdk/build/CMakeFiles/CMakeTmp'
make[4]: Leaving directory '/home/xiaohui/workspace/dan/temp/k210-freertos-mpy-makefile/ports/k210-freertos/platform/sdk/build/CMakeFiles/CMakeTmp'


Parsed CXX implicit link information from above output:
  link line regex: [^( *|.*[/\])(riscv64-unknown-elf-ld|CMAKE_LINK_STARTFILE-NOTFOUND|([^/\]+-)?ld|collect2)[^/\]*( |$)]
  ignore line: [Change Dir: /home/xiaohui/workspace/dan/temp/k210-freertos-mpy-makefile/ports/k210-freertos/platform/sdk/build/CMakeFiles/CMakeTmp]
  ignore line: []
  ignore line: [Run Build Command:"/usr/bin/make" "cmTC_fb7a9/fast"]
  ignore line: [make[4]: Entering directory '/home/xiaohui/workspace/dan/temp/k210-freertos-mpy-makefile/ports/k210-freertos/platform/sdk/build/CMakeFiles/CMakeTmp']
  ignore line: [/usr/bin/make -f CMakeFiles/cmTC_fb7a9.dir/build.make CMakeFiles/cmTC_fb7a9.dir/build]
  ignore line: [make[5]: Entering directory '/home/xiaohui/workspace/dan/temp/k210-freertos-mpy-makefile/ports/k210-freertos/platform/sdk/build/CMakeFiles/CMakeTmp']
  ignore line: [Building CXX object CMakeFiles/cmTC_fb7a9.dir/CMakeCXXCompilerABI.cpp.obj]
  ignore line: [/home/xiaohui/workspace/dan/kendryte-toolchain/bin//riscv64-unknown-elf-g++    -mcmodel=medany -march=rv64imafdc -fno-common -ffunction-sections -fdata-sections -fstrict-volatile-bitfields -fno-zero-initialized-in-bss -O2 -ggdb -std=gnu++17 -Wall -Werror=all -Wno-error=unused-function -Wno-error=unused-but-set-variable -Wno-error=unused-variable -Wno-error=deprecated-declarations -Wno-error=maybe-uninitialized -Wextra -Werror=frame-larger-than=65536 -Wno-unused-parameter -Wno-unused-function -Wno-implicit-fallthrough -Wno-sign-compare -Wno-error=missing-braces    -o CMakeFiles/cmTC_fb7a9.dir/CMakeCXXCompilerABI.cpp.obj -c /usr/share/cmake-3.10/Modules/CMakeCXXCompilerABI.cpp]
  ignore line: [Linking CXX executable cmTC_fb7a9]
  ignore line: [/usr/bin/cmake -E cmake_link_script CMakeFiles/cmTC_fb7a9.dir/link.txt --verbose=1]
  ignore line: [/home/xiaohui/workspace/dan/kendryte-toolchain/bin//riscv64-unknown-elf-g++   -mcmodel=medany -march=rv64imafdc -fno-common -ffunction-sections -fdata-sections -fstrict-volatile-bitfields -fno-zero-initialized-in-bss -O2 -ggdb -std=gnu++17 -Wall -Werror=all -Wno-error=unused-function -Wno-error=unused-but-set-variable -Wno-error=unused-variable -Wno-error=deprecated-declarations -Wno-error=maybe-uninitialized -Wextra -Werror=frame-larger-than=65536 -Wno-unused-parameter -Wno-unused-function -Wno-implicit-fallthrough -Wno-sign-compare -Wno-error=missing-braces    -v CMakeFiles/cmTC_fb7a9.dir/CMakeCXXCompilerABI.cpp.obj  -o cmTC_fb7a9 ]
  ignore line: [Using built-in specs.]
  ignore line: [COLLECT_GCC=/home/xiaohui/workspace/dan/kendryte-toolchain/bin//riscv64-unknown-elf-g++]
  ignore line: [COLLECT_LTO_WRAPPER=/home/xiaohui/workspace/dan/kendryte-toolchain/bin/../libexec/gcc/riscv64-unknown-elf/8.2.0/lto-wrapper]
  ignore line: [Target: riscv64-unknown-elf]
  ignore line: [Configured with: /mnt/e/Work/Repository/maix-toolchain/riscv-gcc/configure --target=riscv64-unknown-elf --prefix=/opt/kendryte-toolchain --disable-shared --enable-threads=posix --enable-languages=c,c++ --enable-libatomic --with-system-zlib --enable-tls --with-newlib --with-sysroot=/opt/kendryte-toolchain/riscv64-unknown-elf --with-native-system-header-dir=/include --disable-libmudflap --disable-libssp --disable-libquadmath --disable-libgomp --disable-nls --src=.././riscv-gcc --enable-checking=yes --disable-multilib --with-abi=lp64d --with-arch=rv64imafdc 'CFLAGS_FOR_TARGET=-Os -ffunction-sections -fdata-sections  -mcmodel=medany' 'CXXFLAGS_FOR_TARGET=-Os -ffunction-sections -fdata-sections -mcmodel=medany']
  ignore line: [Thread model: posix]
  ignore line: [gcc version 8.2.0 (GCC) ]
  ignore line: [COMPILER_PATH=/home/xiaohui/workspace/dan/kendryte-toolchain/bin/../libexec/gcc/riscv64-unknown-elf/8.2.0/:/home/xiaohui/workspace/dan/kendryte-toolchain/bin/../libexec/gcc/:/home/xiaohui/workspace/dan/kendryte-toolchain/bin/../lib/gcc/riscv64-unknown-elf/8.2.0/../../../../riscv64-unknown-elf/bin/]
  ignore line: [LIBRARY_PATH=/home/xiaohui/workspace/dan/kendryte-toolchain/bin/../lib/gcc/riscv64-unknown-elf/8.2.0/:/home/xiaohui/workspace/dan/kendryte-toolchain/bin/../lib/gcc/:/home/xiaohui/workspace/dan/kendryte-toolchain/bin/../lib/gcc/riscv64-unknown-elf/8.2.0/../../../../riscv64-unknown-elf/lib/:/home/xiaohui/workspace/dan/kendryte-toolchain/bin/../riscv64-unknown-elf/lib/]
  ignore line: [COLLECT_GCC_OPTIONS='-mcmodel=medany' '-march=rv64imafdc' '-fno-common' '-ffunction-sections' '-fdata-sections' '-fstrict-volatile-bitfields' '-fno-zero-initialized-in-bss' '-O2' '-ggdb' '-std=gnu++17' '-Wall' '-Werror=all' '-Wno-error=unused-function' '-Wno-error=unused-but-set-variable' '-Wno-error=unused-variable' '-Wno-error=deprecated-declarations' '-Wno-error=maybe-uninitialized' '-Wextra' '-Werror=frame-larger-than=65536' '-Wno-unused-parameter' '-Wno-unused-function' '-Wimplicit-fallthrough=0' '-Wno-sign-compare' '-Wno-error=missing-braces' '-v' '-o' 'cmTC_fb7a9' '-mabi=lp64d']
  link line: [ /home/xiaohui/workspace/dan/kendryte-toolchain/bin/../libexec/gcc/riscv64-unknown-elf/8.2.0/collect2 -plugin /home/xiaohui/workspace/dan/kendryte-toolchain/bin/../libexec/gcc/riscv64-unknown-elf/8.2.0/liblto_plugin.so -plugin-opt=/home/xiaohui/workspace/dan/kendryte-toolchain/bin/../libexec/gcc/riscv64-unknown-elf/8.2.0/lto-wrapper -plugin-opt=-fresolution=/tmp/cchJdP6E.res -plugin-opt=-pass-through=-lgcc -plugin-opt=-pass-through=-lc -plugin-opt=-pass-through=-lgloss -plugin-opt=-pass-through=-lgcc --sysroot=/home/xiaohui/workspace/dan/kendryte-toolchain/bin/../riscv64-unknown-elf -melf64lriscv -o cmTC_fb7a9 /home/xiaohui/workspace/dan/kendryte-toolchain/bin/../lib/gcc/riscv64-unknown-elf/8.2.0/../../../../riscv64-unknown-elf/lib/crt0.o /home/xiaohui/workspace/dan/kendryte-toolchain/bin/../lib/gcc/riscv64-unknown-elf/8.2.0/crtbegin.o -L/home/xiaohui/workspace/dan/kendryte-toolchain/bin/../lib/gcc/riscv64-unknown-elf/8.2.0 -L/home/xiaohui/workspace/dan/kendryte-toolchain/bin/../lib/gcc -L/home/xiaohui/workspace/dan/kendryte-toolchain/bin/../lib/gcc/riscv64-unknown-elf/8.2.0/../../../../riscv64-unknown-elf/lib -L/home/xiaohui/workspace/dan/kendryte-toolchain/bin/../riscv64-unknown-elf/lib CMakeFiles/cmTC_fb7a9.dir/CMakeCXXCompilerABI.cpp.obj -lstdc++ -lm -lgcc --start-group -lc -lgloss --end-group -lgcc /home/xiaohui/workspace/dan/kendryte-toolchain/bin/../lib/gcc/riscv64-unknown-elf/8.2.0/crtend.o]
    arg [/home/xiaohui/workspace/dan/kendryte-toolchain/bin/../libexec/gcc/riscv64-unknown-elf/8.2.0/collect2] ==> ignore
    arg [-plugin] ==> ignore
    arg [/home/xiaohui/workspace/dan/kendryte-toolchain/bin/../libexec/gcc/riscv64-unknown-elf/8.2.0/liblto_plugin.so] ==> ignore
    arg [-plugin-opt=/home/xiaohui/workspace/dan/kendryte-toolchain/bin/../libexec/gcc/riscv64-unknown-elf/8.2.0/lto-wrapper] ==> ignore
    arg [-plugin-opt=-fresolution=/tmp/cchJdP6E.res] ==> ignore
    arg [-plugin-opt=-pass-through=-lgcc] ==> ignore
    arg [-plugin-opt=-pass-through=-lc] ==> ignore
    arg [-plugin-opt=-pass-through=-lgloss] ==> ignore
    arg [-plugin-opt=-pass-through=-lgcc] ==> ignore
    arg [--sysroot=/home/xiaohui/workspace/dan/kendryte-toolchain/bin/../riscv64-unknown-elf] ==> ignore
    arg [-melf64lriscv] ==> ignore
    arg [-o] ==> ignore
    arg [cmTC_fb7a9] ==> ignore
    arg [/home/xiaohui/workspace/dan/kendryte-toolchain/bin/../lib/gcc/riscv64-unknown-elf/8.2.0/../../../../riscv64-unknown-elf/lib/crt0.o] ==> ignore
    arg [/home/xiaohui/workspace/dan/kendryte-toolchain/bin/../lib/gcc/riscv64-unknown-elf/8.2.0/crtbegin.o] ==> ignore
    arg [-L/home/xiaohui/workspace/dan/kendryte-toolchain/bin/../lib/gcc/riscv64-unknown-elf/8.2.0] ==> dir [/home/xiaohui/workspace/dan/kendryte-toolchain/bin/../lib/gcc/riscv64-unknown-elf/8.2.0]
    arg [-L/home/xiaohui/workspace/dan/kendryte-toolchain/bin/../lib/gcc] ==> dir [/home/xiaohui/workspace/dan/kendryte-toolchain/bin/../lib/gcc]
    arg [-L/home/xiaohui/workspace/dan/kendryte-toolchain/bin/../lib/gcc/riscv64-unknown-elf/8.2.0/../../../../riscv64-unknown-elf/lib] ==> dir [/home/xiaohui/workspace/dan/kendryte-toolchain/bin/../lib/gcc/riscv64-unknown-elf/8.2.0/../../../../riscv64-unknown-elf/lib]
    arg [-L/home/xiaohui/workspace/dan/kendryte-toolchain/bin/../riscv64-unknown-elf/lib] ==> dir [/home/xiaohui/workspace/dan/kendryte-toolchain/bin/../riscv64-unknown-elf/lib]
    arg [CMakeFiles/cmTC_fb7a9.dir/CMakeCXXCompilerABI.cpp.obj] ==> ignore
    arg [-lstdc++] ==> lib [stdc++]
    arg [-lm] ==> lib [m]
    arg [-lgcc] ==> lib [gcc]
    arg [--start-group] ==> ignore
    arg [-lc] ==> lib [c]
    arg [-lgloss] ==> lib [gloss]
    arg [--end-group] ==> ignore
    arg [-lgcc] ==> lib [gcc]
    arg [/home/xiaohui/workspace/dan/kendryte-toolchain/bin/../lib/gcc/riscv64-unknown-elf/8.2.0/crtend.o] ==> ignore
  collapse library dir [/home/xiaohui/workspace/dan/kendryte-toolchain/bin/../lib/gcc/riscv64-unknown-elf/8.2.0] ==> [/home/xiaohui/workspace/dan/kendryte-toolchain/lib/gcc/riscv64-unknown-elf/8.2.0]
  collapse library dir [/home/xiaohui/workspace/dan/kendryte-toolchain/bin/../lib/gcc] ==> [/home/xiaohui/workspace/dan/kendryte-toolchain/lib/gcc]
  collapse library dir [/home/xiaohui/workspace/dan/kendryte-toolchain/bin/../lib/gcc/riscv64-unknown-elf/8.2.0/../../../../riscv64-unknown-elf/lib] ==> [/home/xiaohui/workspace/dan/kendryte-toolchain/riscv64-unknown-elf/lib]
  collapse library dir [/home/xiaohui/workspace/dan/kendryte-toolchain/bin/../riscv64-unknown-elf/lib] ==> [/home/xiaohui/workspace/dan/kendryte-toolchain/riscv64-unknown-elf/lib]
  implicit libs: [stdc++;m;gcc;c;gloss;gcc]
  implicit dirs: [/home/xiaohui/workspace/dan/kendryte-toolchain/lib/gcc/riscv64-unknown-elf/8.2.0;/home/xiaohui/workspace/dan/kendryte-toolchain/lib/gcc;/home/xiaohui/workspace/dan/kendryte-toolchain/riscv64-unknown-elf/lib]
  implicit fwks: []




Detecting CXX [-std=c++1z] compiler features compiled with the following output:
Change Dir: /home/xiaohui/workspace/dan/temp/k210-freertos-mpy-makefile/ports/k210-freertos/platform/sdk/build/CMakeFiles/CMakeTmp

Run Build Command:"/usr/bin/make" "cmTC_e32a2/fast"
make[4]: Entering directory '/home/xiaohui/workspace/dan/temp/k210-freertos-mpy-makefile/ports/k210-freertos/platform/sdk/build/CMakeFiles/CMakeTmp'
/usr/bin/make -f CMakeFiles/cmTC_e32a2.dir/build.make CMakeFiles/cmTC_e32a2.dir/build
make[5]: Entering directory '/home/xiaohui/workspace/dan/temp/k210-freertos-mpy-makefile/ports/k210-freertos/platform/sdk/build/CMakeFiles/CMakeTmp'
Building CXX object CMakeFiles/cmTC_e32a2.dir/feature_tests.cxx.obj
/home/xiaohui/workspace/dan/kendryte-toolchain/bin//riscv64-unknown-elf-g++    -mcmodel=medany -march=rv64imafdc -fno-common -ffunction-sections -fdata-sections -fstrict-volatile-bitfields -fno-zero-initialized-in-bss -O2 -ggdb -std=gnu++17 -Wall -Werror=all -Wno-error=unused-function -Wno-error=unused-but-set-variable -Wno-error=unused-variable -Wno-error=deprecated-declarations -Wno-error=maybe-uninitialized -Wextra -Werror=frame-larger-than=65536 -Wno-unused-parameter -Wno-unused-function -Wno-implicit-fallthrough -Wno-sign-compare -Wno-error=missing-braces    -std=c++1z -o CMakeFiles/cmTC_e32a2.dir/feature_tests.cxx.obj -c /home/xiaohui/workspace/dan/temp/k210-freertos-mpy-makefile/ports/k210-freertos/platform/sdk/build/CMakeFiles/feature_tests.cxx
Linking CXX executable cmTC_e32a2
/usr/bin/cmake -E cmake_link_script CMakeFiles/cmTC_e32a2.dir/link.txt --verbose=1
/home/xiaohui/workspace/dan/kendryte-toolchain/bin//riscv64-unknown-elf-g++   -mcmodel=medany -march=rv64imafdc -fno-common -ffunction-sections -fdata-sections -fstrict-volatile-bitfields -fno-zero-initialized-in-bss -O2 -ggdb -std=gnu++17 -Wall -Werror=all -Wno-error=unused-function -Wno-error=unused-but-set-variable -Wno-error=unused-variable -Wno-error=deprecated-declarations -Wno-error=maybe-uninitialized -Wextra -Werror=frame-larger-than=65536 -Wno-unused-parameter -Wno-unused-function -Wno-implicit-fallthrough -Wno-sign-compare -Wno-error=missing-braces     CMakeFiles/cmTC_e32a2.dir/feature_tests.cxx.obj  -o cmTC_e32a2 
make[5]: Leaving directory '/home/xiaohui/workspace/dan/temp/k210-freertos-mpy-makefile/ports/k210-freertos/platform/sdk/build/CMakeFiles/CMakeTmp'
make[4]: Leaving directory '/home/xiaohui/workspace/dan/temp/k210-freertos-mpy-makefile/ports/k210-freertos/platform/sdk/build/CMakeFiles/CMakeTmp'


    Feature record: CXX_FEATURE:1cxx_aggregate_default_initializers
    Feature record: CXX_FEATURE:1cxx_alias_templates
    Feature record: CXX_FEATURE:1cxx_alignas
    Feature record: CXX_FEATURE:1cxx_alignof
    Feature record: CXX_FEATURE:1cxx_attributes
    Feature record: CXX_FEATURE:1cxx_attribute_deprecated
    Feature record: CXX_FEATURE:1cxx_auto_type
    Feature record: CXX_FEATURE:1cxx_binary_literals
    Feature record: CXX_FEATURE:1cxx_constexpr
    Feature record: CXX_FEATURE:1cxx_contextual_conversions
    Feature record: CXX_FEATURE:1cxx_decltype
    Feature record: CXX_FEATURE:1cxx_decltype_auto
    Feature record: CXX_FEATURE:1cxx_decltype_incomplete_return_types
    Feature record: CXX_FEATURE:1cxx_default_function_template_args
    Feature record: CXX_FEATURE:1cxx_defaulted_functions
    Feature record: CXX_FEATURE:1cxx_defaulted_move_initializers
    Feature record: CXX_FEATURE:1cxx_delegating_constructors
    Feature record: CXX_FEATURE:1cxx_deleted_functions
    Feature record: CXX_FEATURE:1cxx_digit_separators
    Feature record: CXX_FEATURE:1cxx_enum_forward_declarations
    Feature record: CXX_FEATURE:1cxx_explicit_conversions
    Feature record: CXX_FEATURE:1cxx_extended_friend_declarations
    Feature record: CXX_FEATURE:1cxx_extern_templates
    Feature record: CXX_FEATURE:1cxx_final
    Feature record: CXX_FEATURE:1cxx_func_identifier
    Feature record: CXX_FEATURE:1cxx_generalized_initializers
    Feature record: CXX_FEATURE:1cxx_generic_lambdas
    Feature record: CXX_FEATURE:1cxx_inheriting_constructors
    Feature record: CXX_FEATURE:1cxx_inline_namespaces
    Feature record: CXX_FEATURE:1cxx_lambdas
    Feature record: CXX_FEATURE:1cxx_lambda_init_captures
    Feature record: CXX_FEATURE:1cxx_local_type_template_args
    Feature record: CXX_FEATURE:1cxx_long_long_type
    Feature record: CXX_FEATURE:1cxx_noexcept
    Feature record: CXX_FEATURE:1cxx_nonstatic_member_init
    Feature record: CXX_FEATURE:1cxx_nullptr
    Feature record: CXX_FEATURE:1cxx_override
    Feature record: CXX_FEATURE:1cxx_range_for
    Feature record: CXX_FEATURE:1cxx_raw_string_literals
    Feature record: CXX_FEATURE:1cxx_reference_qualified_functions
    Feature record: CXX_FEATURE:1cxx_relaxed_constexpr
    Feature record: CXX_FEATURE:1cxx_return_type_deduction
    Feature record: CXX_FEATURE:1cxx_right_angle_brackets
    Feature record: CXX_FEATURE:1cxx_rvalue_references
    Feature record: CXX_FEATURE:1cxx_sizeof_member
    Feature record: CXX_FEATURE:1cxx_static_assert
    Feature record: CXX_FEATURE:1cxx_strong_enums
    Feature record: CXX_FEATURE:1cxx_template_template_parameters
    Feature record: CXX_FEATURE:1cxx_thread_local
    Feature record: CXX_FEATURE:1cxx_trailing_return_types
    Feature record: CXX_FEATURE:1cxx_unicode_literals
    Feature record: CXX_FEATURE:1cxx_uniform_initialization
    Feature record: CXX_FEATURE:1cxx_unrestricted_unions
    Feature record: CXX_FEATURE:1cxx_user_literals
    Feature record: CXX_FEATURE:1cxx_variable_templates
    Feature record: CXX_FEATURE:1cxx_variadic_macros
    Feature record: CXX_FEATURE:1cxx_variadic_templates


Detecting CXX [-std=c++14] compiler features compiled with the following output:
Change Dir: /home/xiaohui/workspace/dan/temp/k210-freertos-mpy-makefile/ports/k210-freertos/platform/sdk/build/CMakeFiles/CMakeTmp

Run Build Command:"/usr/bin/make" "cmTC_d5bed/fast"
make[4]: Entering directory '/home/xiaohui/workspace/dan/temp/k210-freertos-mpy-makefile/ports/k210-freertos/platform/sdk/build/CMakeFiles/CMakeTmp'
/usr/bin/make -f CMakeFiles/cmTC_d5bed.dir/build.make CMakeFiles/cmTC_d5bed.dir/build
make[5]: Entering directory '/home/xiaohui/workspace/dan/temp/k210-freertos-mpy-makefile/ports/k210-freertos/platform/sdk/build/CMakeFiles/CMakeTmp'
Building CXX object CMakeFiles/cmTC_d5bed.dir/feature_tests.cxx.obj
/home/xiaohui/workspace/dan/kendryte-toolchain/bin//riscv64-unknown-elf-g++    -mcmodel=medany -march=rv64imafdc -fno-common -ffunction-sections -fdata-sections -fstrict-volatile-bitfields -fno-zero-initialized-in-bss -O2 -ggdb -std=gnu++17 -Wall -Werror=all -Wno-error=unused-function -Wno-error=unused-but-set-variable -Wno-error=unused-variable -Wno-error=deprecated-declarations -Wno-error=maybe-uninitialized -Wextra -Werror=frame-larger-than=65536 -Wno-unused-parameter -Wno-unused-function -Wno-implicit-fallthrough -Wno-sign-compare -Wno-error=missing-braces    -std=c++14 -o CMakeFiles/cmTC_d5bed.dir/feature_tests.cxx.obj -c /home/xiaohui/workspace/dan/temp/k210-freertos-mpy-makefile/ports/k210-freertos/platform/sdk/build/CMakeFiles/feature_tests.cxx
Linking CXX executable cmTC_d5bed
/usr/bin/cmake -E cmake_link_script CMakeFiles/cmTC_d5bed.dir/link.txt --verbose=1
/home/xiaohui/workspace/dan/kendryte-toolchain/bin//riscv64-unknown-elf-g++   -mcmodel=medany -march=rv64imafdc -fno-common -ffunction-sections -fdata-sections -fstrict-volatile-bitfields -fno-zero-initialized-in-bss -O2 -ggdb -std=gnu++17 -Wall -Werror=all -Wno-error=unused-function -Wno-error=unused-but-set-variable -Wno-error=unused-variable -Wno-error=deprecated-declarations -Wno-error=maybe-uninitialized -Wextra -Werror=frame-larger-than=65536 -Wno-unused-parameter -Wno-unused-function -Wno-implicit-fallthrough -Wno-sign-compare -Wno-error=missing-braces     CMakeFiles/cmTC_d5bed.dir/feature_tests.cxx.obj  -o cmTC_d5bed 
make[5]: Leaving directory '/home/xiaohui/workspace/dan/temp/k210-freertos-mpy-makefile/ports/k210-freertos/platform/sdk/build/CMakeFiles/CMakeTmp'
make[4]: Leaving directory '/home/xiaohui/workspace/dan/temp/k210-freertos-mpy-makefile/ports/k210-freertos/platform/sdk/build/CMakeFiles/CMakeTmp'


    Feature record: CXX_FEATURE:1cxx_aggregate_default_initializers
    Feature record: CXX_FEATURE:1cxx_alias_templates
    Feature record: CXX_FEATURE:1cxx_alignas
    Feature record: CXX_FEATURE:1cxx_alignof
    Feature record: CXX_FEATURE:1cxx_attributes
    Feature record: CXX_FEATURE:1cxx_attribute_deprecated
    Feature record: CXX_FEATURE:1cxx_auto_type
    Feature record: CXX_FEATURE:1cxx_binary_literals
    Feature record: CXX_FEATURE:1cxx_constexpr
    Feature record: CXX_FEATURE:1cxx_contextual_conversions
    Feature record: CXX_FEATURE:1cxx_decltype
    Feature record: CXX_FEATURE:1cxx_decltype_auto
    Feature record: CXX_FEATURE:1cxx_decltype_incomplete_return_types
    Feature record: CXX_FEATURE:1cxx_default_function_template_args
    Feature record: CXX_FEATURE:1cxx_defaulted_functions
    Feature record: CXX_FEATURE:1cxx_defaulted_move_initializers
    Feature record: CXX_FEATURE:1cxx_delegating_constructors
    Feature record: CXX_FEATURE:1cxx_deleted_functions
    Feature record: CXX_FEATURE:1cxx_digit_separators
    Feature record: CXX_FEATURE:1cxx_enum_forward_declarations
    Feature record: CXX_FEATURE:1cxx_explicit_conversions
    Feature record: CXX_FEATURE:1cxx_extended_friend_declarations
    Feature record: CXX_FEATURE:1cxx_extern_templates
    Feature record: CXX_FEATURE:1cxx_final
    Feature record: CXX_FEATURE:1cxx_func_identifier
    Feature record: CXX_FEATURE:1cxx_generalized_initializers
    Feature record: CXX_FEATURE:1cxx_generic_lambdas
    Feature record: CXX_FEATURE:1cxx_inheriting_constructors
    Feature record: CXX_FEATURE:1cxx_inline_namespaces
    Feature record: CXX_FEATURE:1cxx_lambdas
    Feature record: CXX_FEATURE:1cxx_lambda_init_captures
    Feature record: CXX_FEATURE:1cxx_local_type_template_args
    Feature record: CXX_FEATURE:1cxx_long_long_type
    Feature record: CXX_FEATURE:1cxx_noexcept
    Feature record: CXX_FEATURE:1cxx_nonstatic_member_init
    Feature record: CXX_FEATURE:1cxx_nullptr
    Feature record: CXX_FEATURE:1cxx_override
    Feature record: CXX_FEATURE:1cxx_range_for
    Feature record: CXX_FEATURE:1cxx_raw_string_literals
    Feature record: CXX_FEATURE:1cxx_reference_qualified_functions
    Feature record: CXX_FEATURE:1cxx_relaxed_constexpr
    Feature record: CXX_FEATURE:1cxx_return_type_deduction
    Feature record: CXX_FEATURE:1cxx_right_angle_brackets
    Feature record: CXX_FEATURE:1cxx_rvalue_references
    Feature record: CXX_FEATURE:1cxx_sizeof_member
    Feature record: CXX_FEATURE:1cxx_static_assert
    Feature record: CXX_FEATURE:1cxx_strong_enums
    Feature record: CXX_FEATURE:1cxx_template_template_parameters
    Feature record: CXX_FEATURE:1cxx_thread_local
    Feature record: CXX_FEATURE:1cxx_trailing_return_types
    Feature record: CXX_FEATURE:1cxx_unicode_literals
    Feature record: CXX_FEATURE:1cxx_uniform_initialization
    Feature record: CXX_FEATURE:1cxx_unrestricted_unions
    Feature record: CXX_FEATURE:1cxx_user_literals
    Feature record: CXX_FEATURE:1cxx_variable_templates
    Feature record: CXX_FEATURE:1cxx_variadic_macros
    Feature record: CXX_FEATURE:1cxx_variadic_templates


Detecting CXX [-std=c++11] compiler features compiled with the following output:
Change Dir: /home/xiaohui/workspace/dan/temp/k210-freertos-mpy-makefile/ports/k210-freertos/platform/sdk/build/CMakeFiles/CMakeTmp

Run Build Command:"/usr/bin/make" "cmTC_eb55a/fast"
make[4]: Entering directory '/home/xiaohui/workspace/dan/temp/k210-freertos-mpy-makefile/ports/k210-freertos/platform/sdk/build/CMakeFiles/CMakeTmp'
/usr/bin/make -f CMakeFiles/cmTC_eb55a.dir/build.make CMakeFiles/cmTC_eb55a.dir/build
make[5]: Entering directory '/home/xiaohui/workspace/dan/temp/k210-freertos-mpy-makefile/ports/k210-freertos/platform/sdk/build/CMakeFiles/CMakeTmp'
Building CXX object CMakeFiles/cmTC_eb55a.dir/feature_tests.cxx.obj
/home/xiaohui/workspace/dan/kendryte-toolchain/bin//riscv64-unknown-elf-g++    -mcmodel=medany -march=rv64imafdc -fno-common -ffunction-sections -fdata-sections -fstrict-volatile-bitfields -fno-zero-initialized-in-bss -O2 -ggdb -std=gnu++17 -Wall -Werror=all -Wno-error=unused-function -Wno-error=unused-but-set-variable -Wno-error=unused-variable -Wno-error=deprecated-declarations -Wno-error=maybe-uninitialized -Wextra -Werror=frame-larger-than=65536 -Wno-unused-parameter -Wno-unused-function -Wno-implicit-fallthrough -Wno-sign-compare -Wno-error=missing-braces    -std=c++11 -o CMakeFiles/cmTC_eb55a.dir/feature_tests.cxx.obj -c /home/xiaohui/workspace/dan/temp/k210-freertos-mpy-makefile/ports/k210-freertos/platform/sdk/build/CMakeFiles/feature_tests.cxx
Linking CXX executable cmTC_eb55a
/usr/bin/cmake -E cmake_link_script CMakeFiles/cmTC_eb55a.dir/link.txt --verbose=1
/home/xiaohui/workspace/dan/kendryte-toolchain/bin//riscv64-unknown-elf-g++   -mcmodel=medany -march=rv64imafdc -fno-common -ffunction-sections -fdata-sections -fstrict-volatile-bitfields -fno-zero-initialized-in-bss -O2 -ggdb -std=gnu++17 -Wall -Werror=all -Wno-error=unused-function -Wno-error=unused-but-set-variable -Wno-error=unused-variable -Wno-error=deprecated-declarations -Wno-error=maybe-uninitialized -Wextra -Werror=frame-larger-than=65536 -Wno-unused-parameter -Wno-unused-function -Wno-implicit-fallthrough -Wno-sign-compare -Wno-error=missing-braces     CMakeFiles/cmTC_eb55a.dir/feature_tests.cxx.obj  -o cmTC_eb55a 
make[5]: Leaving directory '/home/xiaohui/workspace/dan/temp/k210-freertos-mpy-makefile/ports/k210-freertos/platform/sdk/build/CMakeFiles/CMakeTmp'
make[4]: Leaving directory '/home/xiaohui/workspace/dan/temp/k210-freertos-mpy-makefile/ports/k210-freertos/platform/sdk/build/CMakeFiles/CMakeTmp'


    Feature record: CXX_FEATURE:0cxx_aggregate_default_initializers
    Feature record: CXX_FEATURE:1cxx_alias_templates
    Feature record: CXX_FEATURE:1cxx_alignas
    Feature record: CXX_FEATURE:1cxx_alignof
    Feature record: CXX_FEATURE:1cxx_attributes
    Feature record: CXX_FEATURE:0cxx_attribute_deprecated
    Feature record: CXX_FEATURE:1cxx_auto_type
    Feature record: CXX_FEATURE:0cxx_binary_literals
    Feature record: CXX_FEATURE:1cxx_constexpr
    Feature record: CXX_FEATURE:0cxx_contextual_conversions
    Feature record: CXX_FEATURE:1cxx_decltype
    Feature record: CXX_FEATURE:0cxx_decltype_auto
    Feature record: CXX_FEATURE:1cxx_decltype_incomplete_return_types
    Feature record: CXX_FEATURE:1cxx_default_function_template_args
    Feature record: CXX_FEATURE:1cxx_defaulted_functions
    Feature record: CXX_FEATURE:1cxx_defaulted_move_initializers
    Feature record: CXX_FEATURE:1cxx_delegating_constructors
    Feature record: CXX_FEATURE:1cxx_deleted_functions
    Feature record: CXX_FEATURE:0cxx_digit_separators
    Feature record: CXX_FEATURE:1cxx_enum_forward_declarations
    Feature record: CXX_FEATURE:1cxx_explicit_conversions
    Feature record: CXX_FEATURE:1cxx_extended_friend_declarations
    Feature record: CXX_FEATURE:1cxx_extern_templates
    Feature record: CXX_FEATURE:1cxx_final
    Feature record: CXX_FEATURE:1cxx_func_identifier
    Feature record: CXX_FEATURE:1cxx_generalized_initializers
    Feature record: CXX_FEATURE:0cxx_generic_lambdas
    Feature record: CXX_FEATURE:1cxx_inheriting_constructors
    Feature record: CXX_FEATURE:1cxx_inline_namespaces
    Feature record: CXX_FEATURE:1cxx_lambdas
    Feature record: CXX_FEATURE:0cxx_lambda_init_captures
    Feature record: CXX_FEATURE:1cxx_local_type_template_args
    Feature record: CXX_FEATURE:1cxx_long_long_type
    Feature record: CXX_FEATURE:1cxx_noexcept
    Feature record: CXX_FEATURE:1cxx_nonstatic_member_init
    Feature record: CXX_FEATURE:1cxx_nullptr
    Feature record: CXX_FEATURE:1cxx_override
    Feature record: CXX_FEATURE:1cxx_range_for
    Feature record: CXX_FEATURE:1cxx_raw_string_literals
    Feature record: CXX_FEATURE:1cxx_reference_qualified_functions
    Feature record: CXX_FEATURE:0cxx_relaxed_constexpr
    Feature record: CXX_FEATURE:0cxx_return_type_deduction
    Feature record: CXX_FEATURE:1cxx_right_angle_brackets
    Feature record: CXX_FEATURE:1cxx_rvalue_references
    Feature record: CXX_FEATURE:1cxx_sizeof_member
    Feature record: CXX_FEATURE:1cxx_static_assert
    Feature record: CXX_FEATURE:1cxx_strong_enums
    Feature record: CXX_FEATURE:1cxx_template_template_parameters
    Feature record: CXX_FEATURE:1cxx_thread_local
    Feature record: CXX_FEATURE:1cxx_trailing_return_types
    Feature record: CXX_FEATURE:1cxx_unicode_literals
    Feature record: CXX_FEATURE:1cxx_uniform_initialization
    Feature record: CXX_FEATURE:1cxx_unrestricted_unions
    Feature record: CXX_FEATURE:1cxx_user_literals
    Feature record: CXX_FEATURE:0cxx_variable_templates
    Feature record: CXX_FEATURE:1cxx_variadic_macros
    Feature record: CXX_FEATURE:1cxx_variadic_templates


Detecting CXX [-std=c++98] compiler features compiled with the following output:
Change Dir: /home/xiaohui/workspace/dan/temp/k210-freertos-mpy-makefile/ports/k210-freertos/platform/sdk/build/CMakeFiles/CMakeTmp

Run Build Command:"/usr/bin/make" "cmTC_ca241/fast"
make[4]: Entering directory '/home/xiaohui/workspace/dan/temp/k210-freertos-mpy-makefile/ports/k210-freertos/platform/sdk/build/CMakeFiles/CMakeTmp'
/usr/bin/make -f CMakeFiles/cmTC_ca241.dir/build.make CMakeFiles/cmTC_ca241.dir/build
make[5]: Entering directory '/home/xiaohui/workspace/dan/temp/k210-freertos-mpy-makefile/ports/k210-freertos/platform/sdk/build/CMakeFiles/CMakeTmp'
Building CXX object CMakeFiles/cmTC_ca241.dir/feature_tests.cxx.obj
/home/xiaohui/workspace/dan/kendryte-toolchain/bin//riscv64-unknown-elf-g++    -mcmodel=medany -march=rv64imafdc -fno-common -ffunction-sections -fdata-sections -fstrict-volatile-bitfields -fno-zero-initialized-in-bss -O2 -ggdb -std=gnu++17 -Wall -Werror=all -Wno-error=unused-function -Wno-error=unused-but-set-variable -Wno-error=unused-variable -Wno-error=deprecated-declarations -Wno-error=maybe-uninitialized -Wextra -Werror=frame-larger-than=65536 -Wno-unused-parameter -Wno-unused-function -Wno-implicit-fallthrough -Wno-sign-compare -Wno-error=missing-braces    -std=c++98 -o CMakeFiles/cmTC_ca241.dir/feature_tests.cxx.obj -c /home/xiaohui/workspace/dan/temp/k210-freertos-mpy-makefile/ports/k210-freertos/platform/sdk/build/CMakeFiles/feature_tests.cxx
Linking CXX executable cmTC_ca241
/usr/bin/cmake -E cmake_link_script CMakeFiles/cmTC_ca241.dir/link.txt --verbose=1
/home/xiaohui/workspace/dan/kendryte-toolchain/bin//riscv64-unknown-elf-g++   -mcmodel=medany -march=rv64imafdc -fno-common -ffunction-sections -fdata-sections -fstrict-volatile-bitfields -fno-zero-initialized-in-bss -O2 -ggdb -std=gnu++17 -Wall -Werror=all -Wno-error=unused-function -Wno-error=unused-but-set-variable -Wno-error=unused-variable -Wno-error=deprecated-declarations -Wno-error=maybe-uninitialized -Wextra -Werror=frame-larger-than=65536 -Wno-unused-parameter -Wno-unused-function -Wno-implicit-fallthrough -Wno-sign-compare -Wno-error=missing-braces     CMakeFiles/cmTC_ca241.dir/feature_tests.cxx.obj  -o cmTC_ca241 
make[5]: Leaving directory '/home/xiaohui/workspace/dan/temp/k210-freertos-mpy-makefile/ports/k210-freertos/platform/sdk/build/CMakeFiles/CMakeTmp'
make[4]: Leaving directory '/home/xiaohui/workspace/dan/temp/k210-freertos-mpy-makefile/ports/k210-freertos/platform/sdk/build/CMakeFiles/CMakeTmp'


    Feature record: CXX_FEATURE:0cxx_aggregate_default_initializers
    Feature record: CXX_FEATURE:0cxx_alias_templates
    Feature record: CXX_FEATURE:0cxx_alignas
    Feature record: CXX_FEATURE:0cxx_alignof
    Feature record: CXX_FEATURE:0cxx_attributes
    Feature record: CXX_FEATURE:0cxx_attribute_deprecated
    Feature record: CXX_FEATURE:0cxx_auto_type
    Feature record: CXX_FEATURE:0cxx_binary_literals
    Feature record: CXX_FEATURE:0cxx_constexpr
    Feature record: CXX_FEATURE:0cxx_contextual_conversions
    Feature record: CXX_FEATURE:0cxx_decltype
    Feature record: CXX_FEATURE:0cxx_decltype_auto
    Feature record: CXX_FEATURE:0cxx_decltype_incomplete_return_types
    Feature record: CXX_FEATURE:0cxx_default_function_template_args
    Feature record: CXX_FEATURE:0cxx_defaulted_functions
    Feature record: CXX_FEATURE:0cxx_defaulted_move_initializers
    Feature record: CXX_FEATURE:0cxx_delegating_constructors
    Feature record: CXX_FEATURE:0cxx_deleted_functions
    Feature record: CXX_FEATURE:0cxx_digit_separators
    Feature record: CXX_FEATURE:0cxx_enum_forward_declarations
    Feature record: CXX_FEATURE:0cxx_explicit_conversions
    Feature record: CXX_FEATURE:0cxx_extended_friend_declarations
    Feature record: CXX_FEATURE:0cxx_extern_templates
    Feature record: CXX_FEATURE:0cxx_final
    Feature record: CXX_FEATURE:0cxx_func_identifier
    Feature record: CXX_FEATURE:0cxx_generalized_initializers
    Feature record: CXX_FEATURE:0cxx_generic_lambdas
    Feature record: CXX_FEATURE:0cxx_inheriting_constructors
    Feature record: CXX_FEATURE:0cxx_inline_namespaces
    Feature record: CXX_FEATURE:0cxx_lambdas
    Feature record: CXX_FEATURE:0cxx_lambda_init_captures
    Feature record: CXX_FEATURE:0cxx_local_type_template_args
    Feature record: CXX_FEATURE:0cxx_long_long_type
    Feature record: CXX_FEATURE:0cxx_noexcept
    Feature record: CXX_FEATURE:0cxx_nonstatic_member_init
    Feature record: CXX_FEATURE:0cxx_nullptr
    Feature record: CXX_FEATURE:0cxx_override
    Feature record: CXX_FEATURE:0cxx_range_for
    Feature record: CXX_FEATURE:0cxx_raw_string_literals
    Feature record: CXX_FEATURE:0cxx_reference_qualified_functions
    Feature record: CXX_FEATURE:0cxx_relaxed_constexpr
    Feature record: CXX_FEATURE:0cxx_return_type_deduction
    Feature record: CXX_FEATURE:0cxx_right_angle_brackets
    Feature record: CXX_FEATURE:0cxx_rvalue_references
    Feature record: CXX_FEATURE:0cxx_sizeof_member
    Feature record: CXX_FEATURE:0cxx_static_assert
    Feature record: CXX_FEATURE:0cxx_strong_enums
    Feature record: CXX_FEATURE:1cxx_template_template_parameters
    Feature record: CXX_FEATURE:0cxx_thread_local
    Feature record: CXX_FEATURE:0cxx_trailing_return_types
    Feature record: CXX_FEATURE:0cxx_unicode_literals
    Feature record: CXX_FEATURE:0cxx_uniform_initialization
    Feature record: CXX_FEATURE:0cxx_unrestricted_unions
    Feature record: CXX_FEATURE:0cxx_user_literals
    Feature record: CXX_FEATURE:0cxx_variable_templates
    Feature record: CXX_FEATURE:0cxx_variadic_macros
    Feature record: CXX_FEATURE:0cxx_variadic_templates
